app/build/outputs/logs/manifest-merger-debug-report.txt
-- Merging decision tree log ---
manifest
ADDED from src/main/AndroidManifest.xml:2:1-128:12
INJECTED from src/main/AndroidManifest.xml:2:1-128:12
INJECTED from src/main/AndroidManifest.xml:2:1-128:12
INJECTED from src/main/AndroidManifest.xml:2:1-128:12
MERGED from [:CordovaLib] AndroidManifest.xml:20:1-27:12
MERGED from [com.android.support:design:27.1.1] AndroidManifest.xml:17:1-22:12
MERGED from [com.jakewharton.rxbinding2:rxbinding-appcompat-v7:2.1.1] AndroidManifest.xml:2:1-8:12
MERGED from [com.android.support:appcompat-v7:27.1.1] AndroidManifest.xml:17:1-22:12
MERGED from [com.android.support:support-v4:27.1.1] AndroidManifest.xml:17:1-22:12
MERGED from [com.jakewharton:butterknife:8.8.1] AndroidManifest.xml:2:1-7:12
MERGED from [com.android.support.constraint:constraint-layout:1.1.0] AndroidManifest.xml:2:1-11:12
MERGED from [com.jakewharton.rxbinding2:rxbinding-support-v4:2.1.1] AndroidManifest.xml:2:1-8:12
MERGED from [com.jakewharton.rxbinding2:rxbinding-recyclerview-v7:2.1.1] AndroidManifest.xml:2:1-8:12
MERGED from [com.jakewharton.rxbinding2:rxbinding:2.1.1] AndroidManifest.xml:2:1-8:12
MERGED from [io.reactivex.rxjava2:rxandroid:2.0.2] AndroidManifest.xml:15:1-21:12
MERGED from [com.tbruyelle.rxpermissions2:rxpermissions:0.9.5] AndroidManifest.xml:2:1-13:12
MERGED from [com.umeng.sdk:push:4.2.0] AndroidManifest.xml:2:1-165:12
MERGED from [com.meituan.android.walle:library:1.1.6] AndroidManifest.xml:2:1-13:12
MERGED from [com.android.support:support-fragment:27.1.1] AndroidManifest.xml:17:1-22:12
MERGED from [com.android.support:recyclerview-v7:27.1.1] AndroidManifest.xml:17:1-22:12
MERGED from [com.android.support:animated-vector-drawable:27.1.1] AndroidManifest.xml:17:1-22:12
MERGED from [com.android.support:support-core-ui:27.1.1] AndroidManifest.xml:17:1-22:12
MERGED from [com.android.support:support-core-utils:27.1.1] AndroidManifest.xml:17:1-22:12
MERGED from [com.android.support:transition:27.1.1] AndroidManifest.xml:17:1-22:12
MERGED from [com.android.support:support-media-compat:27.1.1] AndroidManifest.xml:17:1-22:12
MERGED from [com.android.support:support-vector-drawable:27.1.1] AndroidManifest.xml:17:1-22:12
MERGED from [com.android.support:support-compat:27.1.1] AndroidManifest.xml:17:1-22:12
MERGED from [android.arch.lifecycle:livedata-core:1.1.0] AndroidManifest.xml:17:1-22:12
MERGED from [android.arch.lifecycle:viewmodel:1.1.0] AndroidManifest.xml:17:1-22:12
MERGED from [android.arch.lifecycle:runtime:1.1.0] AndroidManifest.xml:17:1-22:12
MERGED from [android.arch.core:runtime:1.1.0] AndroidManifest.xml:17:1-22:12
INJECTED from src/main/AndroidManifest.xml:2:1-128:12
INJECTED from src/main/AndroidManifest.xml:2:1-128:12
INJECTED from src/main/AndroidManifest.xml:2:1-128:12
	package
		ADDED from src/main/AndroidManifest.xml:3:5-33
		INJECTED from src/main/AndroidManifest.xml
		INJECTED from src/main/AndroidManifest.xml
	android:versionName
		ADDED from src/main/AndroidManifest.xml:6:5-32
		INJECTED from src/main/AndroidManifest.xml
		INJECTED from src/main/AndroidManifest.xml
	android:hardwareAccelerated
		ADDED from src/main/AndroidManifest.xml:4:5-39
	xmlns:android
		ADDED from src/main/AndroidManifest.xml:2:11-69
	android:versionCode
		ADDED from src/main/AndroidManifest.xml:5:5-28
		INJECTED from src/main/AndroidManifest.xml
		INJECTED from src/main/AndroidManifest.xml
uses-sdk
ADDED from src/main/AndroidManifest.xml:8:5-10:41
MERGED from [:CordovaLib] AndroidManifest.xml:25:5-44
MERGED from [:CordovaLib] AndroidManifest.xml:25:5-44
MERGED from [com.android.support:design:27.1.1] AndroidManifest.xml:20:5-44
MERGED from [com.android.support:design:27.1.1] AndroidManifest.xml:20:5-44
MERGED from [com.jakewharton.rxbinding2:rxbinding-appcompat-v7:2.1.1] AndroidManifest.xml:6:5-44
MERGED from [com.jakewharton.rxbinding2:rxbinding-appcompat-v7:2.1.1] AndroidManifest.xml:6:5-44
MERGED from [com.android.support:appcompat-v7:27.1.1] AndroidManifest.xml:20:5-44
MERGED from [com.android.support:appcompat-v7:27.1.1] AndroidManifest.xml:20:5-44
MERGED from [com.android.support:support-v4:27.1.1] AndroidManifest.xml:20:5-44
MERGED from [com.android.support:support-v4:27.1.1] AndroidManifest.xml:20:5-44
MERGED from [com.jakewharton:butterknife:8.8.1] AndroidManifest.xml:5:5-43
MERGED from [com.jakewharton:butterknife:8.8.1] AndroidManifest.xml:5:5-43
MERGED from [com.android.support.constraint:constraint-layout:1.1.0] AndroidManifest.xml:5:5-7:41
MERGED from [com.android.support.constraint:constraint-layout:1.1.0] AndroidManifest.xml:5:5-7:41
MERGED from [com.jakewharton.rxbinding2:rxbinding-support-v4:2.1.1] AndroidManifest.xml:6:5-44
MERGED from [com.jakewharton.rxbinding2:rxbinding-support-v4:2.1.1] AndroidManifest.xml:6:5-44
MERGED from [com.jakewharton.rxbinding2:rxbinding-recyclerview-v7:2.1.1] AndroidManifest.xml:6:5-44
MERGED from [com.jakewharton.rxbinding2:rxbinding-recyclerview-v7:2.1.1] AndroidManifest.xml:6:5-44
MERGED from [com.jakewharton.rxbinding2:rxbinding:2.1.1] AndroidManifest.xml:6:5-44
MERGED from [com.jakewharton.rxbinding2:rxbinding:2.1.1] AndroidManifest.xml:6:5-44
MERGED from [io.reactivex.rxjava2:rxandroid:2.0.2] AndroidManifest.xml:19:5-43
MERGED from [io.reactivex.rxjava2:rxandroid:2.0.2] AndroidManifest.xml:19:5-43
MERGED from [com.tbruyelle.rxpermissions2:rxpermissions:0.9.5] AndroidManifest.xml:7:5-9:41
MERGED from [com.tbruyelle.rxpermissions2:rxpermissions:0.9.5] AndroidManifest.xml:7:5-9:41
MERGED from [com.umeng.sdk:push:4.2.0] AndroidManifest.xml:7:5-9:41
MERGED from [com.umeng.sdk:push:4.2.0] AndroidManifest.xml:7:5-9:41
MERGED from [com.meituan.android.walle:library:1.1.6] AndroidManifest.xml:6:5-8:41
MERGED from [com.meituan.android.walle:library:1.1.6] AndroidManifest.xml:6:5-8:41
MERGED from [com.android.support:support-fragment:27.1.1] AndroidManifest.xml:20:5-44
MERGED from [com.android.support:support-fragment:27.1.1] AndroidManifest.xml:20:5-44
MERGED from [com.android.support:recyclerview-v7:27.1.1] AndroidManifest.xml:20:5-44
MERGED from [com.android.support:recyclerview-v7:27.1.1] AndroidManifest.xml:20:5-44
MERGED from [com.android.support:animated-vector-drawable:27.1.1] AndroidManifest.xml:20:5-44
MERGED from [com.android.support:animated-vector-drawable:27.1.1] AndroidManifest.xml:20:5-44
MERGED from [com.android.support:support-core-ui:27.1.1] AndroidManifest.xml:20:5-44
MERGED from [com.android.support:support-core-ui:27.1.1] AndroidManifest.xml:20:5-44
MERGED from [com.android.support:support-core-utils:27.1.1] AndroidManifest.xml:20:5-44
MERGED from [com.android.support:support-core-utils:27.1.1] AndroidManifest.xml:20:5-44
MERGED from [com.android.support:transition:27.1.1] AndroidManifest.xml:20:5-44
MERGED from [com.android.support:transition:27.1.1] AndroidManifest.xml:20:5-44
MERGED from [com.android.support:support-media-compat:27.1.1] AndroidManifest.xml:20:5-44
MERGED from [com.android.support:support-media-compat:27.1.1] AndroidManifest.xml:20:5-44
MERGED from [com.android.support:support-vector-drawable:27.1.1] AndroidManifest.xml:20:5-44
MERGED from [com.android.support:support-vector-drawable:27.1.1] AndroidManifest.xml:20:5-44
MERGED from [com.android.support:support-compat:27.1.1] AndroidManifest.xml:20:5-44
MERGED from [com.android.support:support-compat:27.1.1] AndroidManifest.xml:20:5-44
MERGED from [android.arch.lifecycle:livedata-core:1.1.0] AndroidManifest.xml:20:5-44
MERGED from [android.arch.lifecycle:livedata-core:1.1.0] AndroidManifest.xml:20:5-44
MERGED from [android.arch.lifecycle:viewmodel:1.1.0] AndroidManifest.xml:20:5-44
MERGED from [android.arch.lifecycle:viewmodel:1.1.0] AndroidManifest.xml:20:5-44
MERGED from [android.arch.lifecycle:runtime:1.1.0] AndroidManifest.xml:20:5-44
MERGED from [android.arch.lifecycle:runtime:1.1.0] AndroidManifest.xml:20:5-44
MERGED from [android.arch.core:runtime:1.1.0] AndroidManifest.xml:20:5-44
MERGED from [android.arch.core:runtime:1.1.0] AndroidManifest.xml:20:5-44
	android:targetSdkVersion
		ADDED from src/main/AndroidManifest.xml:10:9-38
	android:minSdkVersion
		ADDED from src/main/AndroidManifest.xml:9:9-35
meta-data#UMENG_APPKEY
ADDED from src/main/AndroidManifest.xml:12:5-14:52
	android:value
		ADDED from src/main/AndroidManifest.xml:14:9-49
	android:name
		ADDED from src/main/AndroidManifest.xml:13:9-36
supports-screens
ADDED from src/main/AndroidManifest.xml:16:5-22:40
	android:largeScreens
		ADDED from src/main/AndroidManifest.xml:18:9-36
	android:smallScreens
		ADDED from src/main/AndroidManifest.xml:21:9-36
	android:normalScreens
		ADDED from src/main/AndroidManifest.xml:19:9-37
	android:xlargeScreens
		ADDED from src/main/AndroidManifest.xml:22:9-37
	android:resizeable
		ADDED from src/main/AndroidManifest.xml:20:9-34
	android:anyDensity
		ADDED from src/main/AndroidManifest.xml:17:9-34
uses-permission#android.permission.ACCESS_NETWORK_STATE
ADDED from src/main/AndroidManifest.xml:25:5-79
MERGED from [com.umeng.sdk:push:4.2.0] AndroidManifest.xml:12:5-79
MERGED from [com.umeng.sdk:push:4.2.0] AndroidManifest.xml:12:5-79
	android:name
		ADDED from src/main/AndroidManifest.xml:25:22-76
uses-permission#android.permission.ACCESS_WIFI_STATE
ADDED from src/main/AndroidManifest.xml:26:5-76
MERGED from [com.umeng.sdk:push:4.2.0] AndroidManifest.xml:13:5-76
MERGED from [com.umeng.sdk:push:4.2.0] AndroidManifest.xml:13:5-76
	android:name
		ADDED from src/main/AndroidManifest.xml:26:22-73
uses-permission#android.permission.READ_PHONE_STATE
ADDED from src/main/AndroidManifest.xml:27:5-75
MERGED from [com.umeng.sdk:push:4.2.0] AndroidManifest.xml:16:5-75
MERGED from [com.umeng.sdk:push:4.2.0] AndroidManifest.xml:16:5-75
	android:name
		ADDED from src/main/AndroidManifest.xml:27:22-72
uses-permission#android.permission.INTERNET
ADDED from src/main/AndroidManifest.xml:28:5-67
MERGED from [com.umeng.sdk:push:4.2.0] AndroidManifest.xml:11:5-67
MERGED from [com.umeng.sdk:push:4.2.0] AndroidManifest.xml:11:5-67
	android:name
		ADDED from src/main/AndroidManifest.xml:28:22-64
uses-permission#android.permission.ACCESS_COARSE_LOCATION
ADDED from src/main/AndroidManifest.xml:32:5-81
	android:name
		ADDED from src/main/AndroidManifest.xml:32:22-78
uses-permission#android.permission.ACCESS_FINE_LOCATION
ADDED from src/main/AndroidManifest.xml:33:5-79
	android:name
		ADDED from src/main/AndroidManifest.xml:33:22-76
uses-permission#android.permission.CHANGE_WIFI_STATE
ADDED from src/main/AndroidManifest.xml:34:5-76
MERGED from [com.umeng.sdk:push:4.2.0] AndroidManifest.xml:25:5-76
MERGED from [com.umeng.sdk:push:4.2.0] AndroidManifest.xml:25:5-76
	android:name
		ADDED from src/main/AndroidManifest.xml:34:22-73
uses-permission#android.permission.WRITE_EXTERNAL_STORAGE
ADDED from src/main/AndroidManifest.xml:35:5-81
MERGED from [com.umeng.sdk:push:4.2.0] AndroidManifest.xml:14:5-81
MERGED from [com.umeng.sdk:push:4.2.0] AndroidManifest.xml:14:5-81
	android:name
		ADDED from src/main/AndroidManifest.xml:35:22-78
uses-permission#android.permission.CAMERA
ADDED from src/main/AndroidManifest.xml:36:5-65
	android:name
		ADDED from src/main/AndroidManifest.xml:36:22-62
uses-permission#android.permission.READ_EXTERNAL_STORAGE
ADDED from src/main/AndroidManifest.xml:37:5-80
	android:name
		ADDED from src/main/AndroidManifest.xml:37:22-77
uses-permission#android.permission.REQUEST_INSTALL_PACKAGES
ADDED from src/main/AndroidManifest.xml:39:5-83
	android:name
		ADDED from src/main/AndroidManifest.xml:39:22-80
application
ADDED from src/main/AndroidManifest.xml:41:5-126:19
MERGED from [com.android.support.constraint:constraint-layout:1.1.0] AndroidManifest.xml:9:5-20
MERGED from [com.android.support.constraint:constraint-layout:1.1.0] AndroidManifest.xml:9:5-20
MERGED from [com.tbruyelle.rxpermissions2:rxpermissions:0.9.5] AndroidManifest.xml:11:5-20
MERGED from [com.tbruyelle.rxpermissions2:rxpermissions:0.9.5] AndroidManifest.xml:11:5-20
MERGED from [com.umeng.sdk:push:4.2.0] AndroidManifest.xml:27:5-163:19
MERGED from [com.umeng.sdk:push:4.2.0] AndroidManifest.xml:27:5-163:19
MERGED from [com.meituan.android.walle:library:1.1.6] AndroidManifest.xml:10:5-11:19
MERGED from [com.meituan.android.walle:library:1.1.6] AndroidManifest.xml:10:5-11:19
	android:supportsRtl
		ADDED from src/main/AndroidManifest.xml:46:9-35
	android:label
		ADDED from src/main/AndroidManifest.xml:45:9-41
	android:hardwareAccelerated
		ADDED from src/main/AndroidManifest.xml:43:9-43
	android:icon
		ADDED from src/main/AndroidManifest.xml:44:9-40
	android:name
		ADDED from src/main/AndroidManifest.xml:42:9-41
activity#com.efeiyi.bigwiki.activity.SplashActivity
ADDED from src/main/AndroidManifest.xml:50:9-60:20
	android:windowSoftInputMode
		ADDED from src/main/AndroidManifest.xml:54:13-55
	android:configChanges
		ADDED from src/main/AndroidManifest.xml:53:13-90
	android:theme
		ADDED from src/main/AndroidManifest.xml:52:13-47
	android:name
		ADDED from src/main/AndroidManifest.xml:51:13-52
intent-filter#action:name:android.intent.action.MAIN+category:name:android.intent.category.LAUNCHER
ADDED from src/main/AndroidManifest.xml:55:13-59:29
	android:label
		ADDED from src/main/AndroidManifest.xml:55:28-65
action#android.intent.action.MAIN
ADDED from src/main/AndroidManifest.xml:56:17-69
	android:name
		ADDED from src/main/AndroidManifest.xml:56:25-66
category#android.intent.category.LAUNCHER
ADDED from src/main/AndroidManifest.xml:58:17-77
	android:name
		ADDED from src/main/AndroidManifest.xml:58:27-74
activity#com.efeiyi.bigwiki.MainActivity
ADDED from src/main/AndroidManifest.xml:63:9-49
	android:name
		ADDED from src/main/AndroidManifest.xml:63:19-47
activity#com.efeiyi.bigwiki.activity.MainHtmlActivity
ADDED from src/main/AndroidManifest.xml:65:9-70:20
	android:launchMode
		ADDED from src/main/AndroidManifest.xml:68:13-44
	android:windowSoftInputMode
		ADDED from src/main/AndroidManifest.xml:69:13-55
	android:configChanges
		ADDED from src/main/AndroidManifest.xml:67:13-90
	android:theme
		ADDED from src/main/AndroidManifest.xml:66:13-52
	android:name
		ADDED from src/main/AndroidManifest.xml:65:19-60
activity#com.efeiyi.bigwiki.activity.GuideActivity
ADDED from src/main/AndroidManifest.xml:73:9-76:20
	android:theme
		ADDED from src/main/AndroidManifest.xml:74:13-47
	android:name
		ADDED from src/main/AndroidManifest.xml:75:13-51
service#com.efeiyi.bigwiki.service.UpdateService
ADDED from src/main/AndroidManifest.xml:79:9-83:19
	android:name
		ADDED from src/main/AndroidManifest.xml:79:18-55
provider#android.support.v4.content.FileProvider
ADDED from src/main/AndroidManifest.xml:88:9-97:20
	android:grantUriPermissions
		ADDED from src/main/AndroidManifest.xml:89:13-47
	android:authorities
		ADDED from src/main/AndroidManifest.xml:91:13-66
	android:exported
		ADDED from src/main/AndroidManifest.xml:90:13-37
	android:name
		ADDED from src/main/AndroidManifest.xml:92:13-67
meta-data#android.support.FILE_PROVIDER_PATHS
ADDED from src/main/AndroidManifest.xml:93:13-95:54
	android:resource
		ADDED from src/main/AndroidManifest.xml:95:17-51
	android:name
		ADDED from src/main/AndroidManifest.xml:94:17-67
activity#com.tencent.tauth.AuthActivity
ADDED from src/main/AndroidManifest.xml:99:9-110:20
	android:noHistory
		ADDED from src/main/AndroidManifest.xml:101:13-37
	android:name
		ADDED from src/main/AndroidManifest.xml:100:13-58
intent-filter#action:name:android.intent.action.VIEW+category:name:android.intent.category.BROWSABLE+category:name:android.intent.category.DEFAULT+data:scheme:tencent1106987534
ADDED from src/main/AndroidManifest.xml:102:13-109:29
action#android.intent.action.VIEW
ADDED from src/main/AndroidManifest.xml:103:17-69
	android:name
		ADDED from src/main/AndroidManifest.xml:103:25-66
category#android.intent.category.DEFAULT
ADDED from src/main/AndroidManifest.xml:105:17-76
	android:name
		ADDED from src/main/AndroidManifest.xml:105:27-73
category#android.intent.category.BROWSABLE
ADDED from src/main/AndroidManifest.xml:106:17-78
	android:name
		ADDED from src/main/AndroidManifest.xml:106:27-75
data
ADDED from src/main/AndroidManifest.xml:108:17-60
	android:scheme
		ADDED from src/main/AndroidManifest.xml:108:23-57
activity#com.tencent.connect.common.AssistActivity
ADDED from src/main/AndroidManifest.xml:112:9-116:75
	android:screenOrientation
		ADDED from src/main/AndroidManifest.xml:115:13-49
	android:configChanges
		ADDED from src/main/AndroidManifest.xml:114:13-74
	android:theme
		ADDED from src/main/AndroidManifest.xml:116:13-72
	android:name
		ADDED from src/main/AndroidManifest.xml:113:13-69
activity#com.efeiyi.bigwiki.wxapi.WXEntryActivity
ADDED from src/main/AndroidManifest.xml:117:9-122:75
	android:screenOrientation
		ADDED from src/main/AndroidManifest.xml:121:13-49
	android:exported
		ADDED from src/main/AndroidManifest.xml:120:13-36
	android:configChanges
		ADDED from src/main/AndroidManifest.xml:119:13-74
	android:theme
		ADDED from src/main/AndroidManifest.xml:122:13-72
	android:name
		ADDED from src/main/AndroidManifest.xml:118:13-50
uses-permission#android.permission.WAKE_LOCK
ADDED from [com.umeng.sdk:push:4.2.0] AndroidManifest.xml:15:5-68
	android:name
		ADDED from [com.umeng.sdk:push:4.2.0] AndroidManifest.xml:15:22-65
uses-permission#android.permission.BROADCAST_PACKAGE_ADDED
ADDED from [com.umeng.sdk:push:4.2.0] AndroidManifest.xml:17:5-82
	android:name
		ADDED from [com.umeng.sdk:push:4.2.0] AndroidManifest.xml:17:22-79
uses-permission#android.permission.BROADCAST_PACKAGE_CHANGED
ADDED from [com.umeng.sdk:push:4.2.0] AndroidManifest.xml:18:5-84
	android:name
		ADDED from [com.umeng.sdk:push:4.2.0] AndroidManifest.xml:18:22-81
uses-permission#android.permission.BROADCAST_PACKAGE_INSTALL
ADDED from [com.umeng.sdk:push:4.2.0] AndroidManifest.xml:19:5-84
	android:name
		ADDED from [com.umeng.sdk:push:4.2.0] AndroidManifest.xml:19:22-81
uses-permission#android.permission.BROADCAST_PACKAGE_REPLACED
ADDED from [com.umeng.sdk:push:4.2.0] AndroidManifest.xml:20:5-85
	android:name
		ADDED from [com.umeng.sdk:push:4.2.0] AndroidManifest.xml:20:22-82
uses-permission#android.permission.RESTART_PACKAGES
ADDED from [com.umeng.sdk:push:4.2.0] AndroidManifest.xml:21:5-75
	android:name
		ADDED from [com.umeng.sdk:push:4.2.0] AndroidManifest.xml:21:22-72
uses-permission#android.permission.GET_TASKS
ADDED from [com.umeng.sdk:push:4.2.0] AndroidManifest.xml:22:5-68
	android:name
		ADDED from [com.umeng.sdk:push:4.2.0] AndroidManifest.xml:22:22-65
uses-permission#android.permission.RECEIVE_BOOT_COMPLETED
ADDED from [com.umeng.sdk:push:4.2.0] AndroidManifest.xml:23:5-81
	android:name
		ADDED from [com.umeng.sdk:push:4.2.0] AndroidManifest.xml:23:22-78
uses-permission#android.permission.CHANGE_NETWORK_STATE
ADDED from [com.umeng.sdk:push:4.2.0] AndroidManifest.xml:24:5-79
	android:name
		ADDED from [com.umeng.sdk:push:4.2.0] AndroidManifest.xml:24:22-76
service#com.taobao.accs.ChannelService
ADDED from [com.umeng.sdk:push:4.2.0] AndroidManifest.xml:28:9-38:19
	android:process
		ADDED from [com.umeng.sdk:push:4.2.0] AndroidManifest.xml:31:13-39
	android:exported
		ADDED from [com.umeng.sdk:push:4.2.0] AndroidManifest.xml:30:13-36
	android:name
		ADDED from [com.umeng.sdk:push:4.2.0] AndroidManifest.xml:29:13-58
intent-filter#action:name:com.taobao.accs.intent.action.SERVICE
ADDED from [com.umeng.sdk:push:4.2.0] AndroidManifest.xml:32:13-34:29
action#com.taobao.accs.intent.action.SERVICE
ADDED from [com.umeng.sdk:push:4.2.0] AndroidManifest.xml:33:17-80
	android:name
		ADDED from [com.umeng.sdk:push:4.2.0] AndroidManifest.xml:33:25-77
intent-filter#action:name:com.taobao.accs.intent.action.ELECTION
ADDED from [com.umeng.sdk:push:4.2.0] AndroidManifest.xml:35:13-37:29
action#com.taobao.accs.intent.action.ELECTION
ADDED from [com.umeng.sdk:push:4.2.0] AndroidManifest.xml:36:17-81
	android:name
		ADDED from [com.umeng.sdk:push:4.2.0] AndroidManifest.xml:36:25-78
service#com.taobao.accs.data.MsgDistributeService
ADDED from [com.umeng.sdk:push:4.2.0] AndroidManifest.xml:39:9-45:19
	android:exported
		ADDED from [com.umeng.sdk:push:4.2.0] AndroidManifest.xml:41:13-36
	android:name
		ADDED from [com.umeng.sdk:push:4.2.0] AndroidManifest.xml:40:13-69
intent-filter#action:name:com.taobao.accs.intent.action.RECEIVE
ADDED from [com.umeng.sdk:push:4.2.0] AndroidManifest.xml:42:13-44:29
action#com.taobao.accs.intent.action.RECEIVE
ADDED from [com.umeng.sdk:push:4.2.0] AndroidManifest.xml:43:17-80
	android:name
		ADDED from [com.umeng.sdk:push:4.2.0] AndroidManifest.xml:43:25-77
receiver#com.taobao.accs.EventReceiver
ADDED from [com.umeng.sdk:push:4.2.0] AndroidManifest.xml:47:9-64:20
	android:process
		ADDED from [com.umeng.sdk:push:4.2.0] AndroidManifest.xml:49:13-39
	android:name
		ADDED from [com.umeng.sdk:push:4.2.0] AndroidManifest.xml:48:13-57
intent-filter#action:name:android.intent.action.BOOT_COMPLETED
ADDED from [com.umeng.sdk:push:4.2.0] AndroidManifest.xml:50:13-52:29
action#android.intent.action.BOOT_COMPLETED
ADDED from [com.umeng.sdk:push:4.2.0] AndroidManifest.xml:51:17-79
	android:name
		ADDED from [com.umeng.sdk:push:4.2.0] AndroidManifest.xml:51:25-76
intent-filter#action:name:android.net.conn.CONNECTIVITY_CHANGE
ADDED from [com.umeng.sdk:push:4.2.0] AndroidManifest.xml:53:13-55:29
action#android.net.conn.CONNECTIVITY_CHANGE
ADDED from [com.umeng.sdk:push:4.2.0] AndroidManifest.xml:54:17-79
	android:name
		ADDED from [com.umeng.sdk:push:4.2.0] AndroidManifest.xml:54:25-76
intent-filter#action:name:android.intent.action.PACKAGE_REMOVED+data:scheme:package
ADDED from [com.umeng.sdk:push:4.2.0] AndroidManifest.xml:56:13-60:29
action#android.intent.action.PACKAGE_REMOVED
ADDED from [com.umeng.sdk:push:4.2.0] AndroidManifest.xml:57:17-80
	android:name
		ADDED from [com.umeng.sdk:push:4.2.0] AndroidManifest.xml:57:25-77
intent-filter#action:name:android.intent.action.USER_PRESENT
ADDED from [com.umeng.sdk:push:4.2.0] AndroidManifest.xml:61:13-63:29
action#android.intent.action.USER_PRESENT
ADDED from [com.umeng.sdk:push:4.2.0] AndroidManifest.xml:62:17-77
	android:name
		ADDED from [com.umeng.sdk:push:4.2.0] AndroidManifest.xml:62:25-74
receiver#com.taobao.accs.ServiceReceiver
ADDED from [com.umeng.sdk:push:4.2.0] AndroidManifest.xml:65:9-74:20
	android:process
		ADDED from [com.umeng.sdk:push:4.2.0] AndroidManifest.xml:67:13-39
	android:name
		ADDED from [com.umeng.sdk:push:4.2.0] AndroidManifest.xml:66:13-59
intent-filter#action:name:com.taobao.accs.intent.action.COMMAND
ADDED from [com.umeng.sdk:push:4.2.0] AndroidManifest.xml:68:13-70:29
action#com.taobao.accs.intent.action.COMMAND
ADDED from [com.umeng.sdk:push:4.2.0] AndroidManifest.xml:69:17-80
	android:name
		ADDED from [com.umeng.sdk:push:4.2.0] AndroidManifest.xml:69:25-77
intent-filter#action:name:com.taobao.accs.intent.action.START_FROM_AGOO
ADDED from [com.umeng.sdk:push:4.2.0] AndroidManifest.xml:71:13-73:29
action#com.taobao.accs.intent.action.START_FROM_AGOO
ADDED from [com.umeng.sdk:push:4.2.0] AndroidManifest.xml:72:17-88
	android:name
		ADDED from [com.umeng.sdk:push:4.2.0] AndroidManifest.xml:72:25-85
service#com.taobao.accs.internal.AccsJobService
ADDED from [com.umeng.sdk:push:4.2.0] AndroidManifest.xml:76:9-79:42
	android:process
		ADDED from [com.umeng.sdk:push:4.2.0] AndroidManifest.xml:79:13-39
	android:permission
		ADDED from [com.umeng.sdk:push:4.2.0] AndroidManifest.xml:78:13-69
	android:name
		ADDED from [com.umeng.sdk:push:4.2.0] AndroidManifest.xml:77:13-67
service#com.taobao.accs.ChannelService$KernelService
ADDED from [com.umeng.sdk:push:4.2.0] AndroidManifest.xml:80:9-82:42
	android:process
		ADDED from [com.umeng.sdk:push:4.2.0] AndroidManifest.xml:82:13-39
	android:name
		ADDED from [com.umeng.sdk:push:4.2.0] AndroidManifest.xml:81:13-72
service#org.android.agoo.accs.AgooService
ADDED from [com.umeng.sdk:push:4.2.0] AndroidManifest.xml:83:9-89:19
	android:exported
		ADDED from [com.umeng.sdk:push:4.2.0] AndroidManifest.xml:85:13-36
	android:name
		ADDED from [com.umeng.sdk:push:4.2.0] AndroidManifest.xml:84:13-61
service#com.umeng.message.UmengIntentService
ADDED from [com.umeng.sdk:push:4.2.0] AndroidManifest.xml:90:9-97:19
	android:process
		ADDED from [com.umeng.sdk:push:4.2.0] AndroidManifest.xml:93:13-39
	android:exported
		ADDED from [com.umeng.sdk:push:4.2.0] AndroidManifest.xml:92:13-36
	android:name
		ADDED from [com.umeng.sdk:push:4.2.0] AndroidManifest.xml:91:13-64
intent-filter#action:name:org.agoo.android.intent.action.RECEIVE
ADDED from [com.umeng.sdk:push:4.2.0] AndroidManifest.xml:94:13-96:29
action#org.agoo.android.intent.action.RECEIVE
ADDED from [com.umeng.sdk:push:4.2.0] AndroidManifest.xml:95:17-81
	android:name
		ADDED from [com.umeng.sdk:push:4.2.0] AndroidManifest.xml:95:25-78
service#com.umeng.message.XiaomiIntentService
ADDED from [com.umeng.sdk:push:4.2.0] AndroidManifest.xml:98:9-105:19
	android:process
		ADDED from [com.umeng.sdk:push:4.2.0] AndroidManifest.xml:101:13-39
	android:exported
		ADDED from [com.umeng.sdk:push:4.2.0] AndroidManifest.xml:100:13-36
	android:name
		ADDED from [com.umeng.sdk:push:4.2.0] AndroidManifest.xml:99:13-65
receiver#com.taobao.agoo.AgooCommondReceiver
ADDED from [com.umeng.sdk:push:4.2.0] AndroidManifest.xml:107:9-119:20
	android:process
		ADDED from [com.umeng.sdk:push:4.2.0] AndroidManifest.xml:110:13-39
	android:exported
		ADDED from [com.umeng.sdk:push:4.2.0] AndroidManifest.xml:109:13-36
	android:name
		ADDED from [com.umeng.sdk:push:4.2.0] AndroidManifest.xml:108:13-63
intent-filter#action:name:${applicationId}.intent.action.COMMAND
ADDED from [com.umeng.sdk:push:4.2.0] AndroidManifest.xml:111:13-113:29
intent-filter#action:name:com.efeiyi.bigwiki.intent.action.COMMAND
ADDED from [com.umeng.sdk:push:4.2.0] AndroidManifest.xml:111:13-113:29
action#${applicationId}.intent.action.COMMAND
ADDED from [com.umeng.sdk:push:4.2.0] AndroidManifest.xml:112:17-81
	android:name
		ADDED from [com.umeng.sdk:push:4.2.0] AndroidManifest.xml:112:25-78
action#com.efeiyi.bigwiki.intent.action.COMMAND
ADDED from [com.umeng.sdk:push:4.2.0] AndroidManifest.xml:112:17-81
	android:name
		ADDED from [com.umeng.sdk:push:4.2.0] AndroidManifest.xml:112:25-78
service#com.umeng.message.UmengMessageIntentReceiverService
ADDED from [com.umeng.sdk:push:4.2.0] AndroidManifest.xml:121:9-128:19
	android:process
		ADDED from [com.umeng.sdk:push:4.2.0] AndroidManifest.xml:124:13-39
	android:exported
		ADDED from [com.umeng.sdk:push:4.2.0] AndroidManifest.xml:123:13-36
	android:name
		ADDED from [com.umeng.sdk:push:4.2.0] AndroidManifest.xml:122:13-79
intent-filter#action:name:org.android.agoo.client.MessageReceiverService
ADDED from [com.umeng.sdk:push:4.2.0] AndroidManifest.xml:125:13-127:29
action#org.android.agoo.client.MessageReceiverService
ADDED from [com.umeng.sdk:push:4.2.0] AndroidManifest.xml:126:17-89
	android:name
		ADDED from [com.umeng.sdk:push:4.2.0] AndroidManifest.xml:126:25-86
receiver#com.umeng.message.NotificationProxyBroadcastReceiver
ADDED from [com.umeng.sdk:push:4.2.0] AndroidManifest.xml:130:9-132:40
	android:exported
		ADDED from [com.umeng.sdk:push:4.2.0] AndroidManifest.xml:132:13-37
	android:name
		ADDED from [com.umeng.sdk:push:4.2.0] AndroidManifest.xml:131:13-80
service#com.umeng.message.UmengMessageCallbackHandlerService
ADDED from [com.umeng.sdk:push:4.2.0] AndroidManifest.xml:134:9-152:19
	android:exported
		ADDED from [com.umeng.sdk:push:4.2.0] AndroidManifest.xml:136:13-37
	android:name
		ADDED from [com.umeng.sdk:push:4.2.0] AndroidManifest.xml:135:13-80
intent-filter#action:name:com.umeng.messge.registercallback.action
ADDED from [com.umeng.sdk:push:4.2.0] AndroidManifest.xml:137:13-139:29
action#com.umeng.messge.registercallback.action
ADDED from [com.umeng.sdk:push:4.2.0] AndroidManifest.xml:138:17-83
	android:name
		ADDED from [com.umeng.sdk:push:4.2.0] AndroidManifest.xml:138:25-80
intent-filter#action:name:com.umeng.message.enablecallback.action
ADDED from [com.umeng.sdk:push:4.2.0] AndroidManifest.xml:140:13-142:29
action#com.umeng.message.enablecallback.action
ADDED from [com.umeng.sdk:push:4.2.0] AndroidManifest.xml:141:17-82
	android:name
		ADDED from [com.umeng.sdk:push:4.2.0] AndroidManifest.xml:141:25-79
intent-filter#action:name:com.umeng.message.disablecallback.action
ADDED from [com.umeng.sdk:push:4.2.0] AndroidManifest.xml:143:13-145:29
action#com.umeng.message.disablecallback.action
ADDED from [com.umeng.sdk:push:4.2.0] AndroidManifest.xml:144:17-83
	android:name
		ADDED from [com.umeng.sdk:push:4.2.0] AndroidManifest.xml:144:25-80
intent-filter#action:name:com.umeng.message.message.handler.action
ADDED from [com.umeng.sdk:push:4.2.0] AndroidManifest.xml:146:13-148:29
action#com.umeng.message.message.handler.action
ADDED from [com.umeng.sdk:push:4.2.0] AndroidManifest.xml:147:17-83
	android:name
		ADDED from [com.umeng.sdk:push:4.2.0] AndroidManifest.xml:147:25-80
intent-filter#action:name:com.umeng.message.message.sendmessage.action
ADDED from [com.umeng.sdk:push:4.2.0] AndroidManifest.xml:149:13-151:29
action#com.umeng.message.message.sendmessage.action
ADDED from [com.umeng.sdk:push:4.2.0] AndroidManifest.xml:150:17-87
	android:name
		ADDED from [com.umeng.sdk:push:4.2.0] AndroidManifest.xml:150:25-84
service#com.umeng.message.UmengDownloadResourceService
ADDED from [com.umeng.sdk:push:4.2.0] AndroidManifest.xml:153:9-155:40
	android:exported
		ADDED from [com.umeng.sdk:push:4.2.0] AndroidManifest.xml:155:13-37
	android:name
		ADDED from [com.umeng.sdk:push:4.2.0] AndroidManifest.xml:154:13-74
provider#com.umeng.message.provider.MessageProvider
ADDED from [com.umeng.sdk:push:4.2.0] AndroidManifest.xml:157:9-162:20
	android:authorities
		ADDED from [com.umeng.sdk:push:4.2.0] AndroidManifest.xml:159:13-65
	android:exported
		ADDED from [com.umeng.sdk:push:4.2.0] AndroidManifest.xml:160:13-37
	android:name
		ADDED from [com.umeng.sdk:push:4.2.0] AndroidManifest.xml:158:13-70
grant-uri-permission
ADDED from [com.umeng.sdk:push:4.2.0] AndroidManifest.xml:161:13-62
	android:pathPattern
		ADDED from [com.umeng.sdk:push:4.2.0] AndroidManifest.xml:161:35-59